2023-06-22T01:20:19.220Z - normal: Load ~/.CocosCreator/settings.json
2023-06-22T01:20:19.261Z - normal: Initializing Asset Database
2023-06-22T01:20:19.264Z - normal: checking language setting...
2023-06-22T01:20:19.265Z - normal: Language: zh
2023-06-22T01:20:20.007Z - success: protocol editor-framework registered
2023-06-22T01:20:20.007Z - success: protocol app registered
2023-06-22T01:20:20.007Z - success: protocol theme registered
2023-06-22T01:20:20.007Z - success: protocol packages registered
2023-06-22T01:20:20.007Z - success: protocol uuid registerred
2023-06-22T01:20:20.008Z - success: protocol db registerred
2023-06-22T01:20:20.008Z - success: protocol thumbnail registerred
2023-06-22T01:20:20.008Z - success: protocol unpack registerred
2023-06-22T01:20:20.008Z - success: protocol disable-commonjs registerred
2023-06-22T01:20:22.318Z - normal: connected!
2023-06-22T01:20:22.319Z - normal: Check project /Users/shenfangqi/cocosPrj/war4_project.2.4.3_bak
2023-06-22T01:20:22.321Z - normal: Initializing project /Users/shenfangqi/cocosPrj/war4_project.2.4.3_bak
2023-06-22T01:20:22.467Z - success: adapters loaded
2023-06-22T01:20:22.471Z - success: asset-db-debugger loaded
2023-06-22T01:20:22.523Z - success: fb-audience-network loaded
2023-06-22T01:20:22.547Z - success: fb-live-stream loaded
2023-06-22T01:20:22.549Z - success: google-play-instant loaded
2023-06-22T01:20:22.549Z - success: jsb-adapter loaded
2023-06-22T01:20:22.552Z - success: package-manager loaded
2023-06-22T01:20:22.552Z - success: runtime-adapters loaded
2023-06-22T01:20:22.554Z - success: runtime-dev-tools loaded
2023-06-22T01:20:22.556Z - success: ui-kit-preview-extra loaded
2023-06-22T01:20:22.558Z - success: ui-kit-preview loaded
2023-06-22T01:20:22.598Z - success: alipay-minigame loaded
2023-06-22T01:20:22.638Z - success: assets loaded
2023-06-22T01:20:22.641Z - success: baidugame-opendata loaded
2023-06-22T01:20:22.642Z - success: baidugame loaded
2023-06-22T01:20:22.646Z - success: builder loaded
2023-06-22T01:20:22.648Z - success: bytedance-opendata loaded
2023-06-22T01:20:22.650Z - success: bytedance loaded
2023-06-22T01:20:22.651Z - success: channel-upload-tools loaded
2023-06-22T01:20:22.656Z - success: cloud-function loaded
2023-06-22T01:20:22.798Z - success: cocos-services loaded
2023-06-22T01:20:22.801Z - success: console loaded
2023-06-22T01:20:22.803Z - success: curve-editor loaded
2023-06-22T01:20:22.811Z - success: fb-instant-games loaded
2023-06-22T01:20:22.813Z - success: game-window loaded
2023-06-22T01:20:22.814Z - success: google-instant-games loaded
2023-06-22T01:20:22.816Z - success: hierarchy loaded
2023-06-22T01:20:22.817Z - success: huawei-agc loaded
2023-06-22T01:20:22.819Z - success: huawei-runtime loaded
2023-06-22T01:20:22.822Z - success: inspector loaded
2023-06-22T01:20:22.831Z - success: cpk-publish loaded
2023-06-22T01:20:22.832Z - success: keystore loaded
2023-06-22T01:20:22.842Z - success: link-sure-runtime loaded
2023-06-22T01:20:22.850Z - success: node-library loaded
2023-06-22T01:20:22.850Z - success: open-recent-items loaded
2023-06-22T01:20:22.852Z - success: oppo-runtime loaded
2023-06-22T01:20:22.853Z - success: package-asset loaded
2023-06-22T01:20:22.854Z - success: preferences loaded
2023-06-22T01:20:22.856Z - success: project-importer loaded
2023-06-22T01:20:22.859Z - success: project-settings loaded
2023-06-22T01:20:22.870Z - success: qtt-runtime loaded
2023-06-22T01:20:22.875Z - success: scene loaded
2023-06-22T01:20:22.875Z - success: simulator-debugger loaded
2023-06-22T01:20:22.877Z - success: sprite-editor loaded
2023-06-22T01:20:22.907Z - success: store loaded
2023-06-22T01:20:22.910Z - success: timeline loaded
2023-06-22T01:20:22.914Z - success: vivo-runtime loaded
2023-06-22T01:20:22.915Z - success: wechatgame-opendata loaded
2023-06-22T01:20:22.918Z - success: wechatgame loaded
2023-06-22T01:20:22.920Z - success: xiaomi-runtime loaded
2023-06-22T01:20:23.053Z - success: im-plugin loaded
2023-06-22T01:20:23.054Z - success: preview server running at http://localhost:7456
2023-06-22T01:20:24.803Z - normal: Initializing Cocos2d
2023-06-22T01:20:25.109Z - normal: Initializing engine extends
2023-06-22T01:20:28.454Z - normal: Loading packages
2023-06-22T01:20:28.459Z - normal: Watching packages
2023-06-22T01:20:28.527Z - normal: Run Application
2023-06-22T01:20:30.065Z - info: Cocos Service load base data!
2023-06-22T05:57:10.865Z - failed: [db-task][sync-changes] Failed to import asset /Users/shenfangqi/cocosPrj/war4_project.2.4.3_bak/assets/scripts/SelLayout.js, message: Compile error: SyntaxError: /Users/shenfangqi/cocosPrj/war4_project.2.4.3_bak/assets/scripts/SelLayout.js: Unexpected token, expected ";" (103:22)

  101 |             
  102 |         }, (err) => {   //if no connection then use default data for test.
> 103 |             data = "{"name":null,"level":1,"myscore":1000,"nextscore":1500,"basescore":20,"allList":["log","bomb","ske","ir","hr","bee","gi","lm","lr","wiz"],"myList":["log","hr","bee","ske","wiz"],"log":{"disp":"\u6eda\u6728","level":1,"cost":3},"bomb":{"disp":"\u98de\u5f39","level":1,"cost":4},"ske":{"disp":"\u9ab7\u9ac5","level":1,"cost":1},"ir":{"disp":"\u94a2\u6218\u58eb","level":1,"cost":3},"hr":{"disp":"\u6218\u795e","level":1,"cost":4},"bee":{"disp":"\u6bd2\u8702","level":1,"cost":1},"gi":{"disp":"\u77f3\u5934\u4eba","level":1,"cost":4},"lm":{"disp":"\u96f7\u795e","level":1,"cost":3},"lr":{"disp":"\u7bad\u624b","level":1,"cost":2},"wiz":{"disp":"\u5deb\u5e08","level":1,"cost":5}}";
      |                       ^
  104 |             dataobj = JSON.parse(data);
  105 |             _self.agentsDef = dataobj;
  106 |             _self.setMyCards();
    at Parser._raise (/Applications/CocosCreator/Creator/2.4.3/CocosCreator.app/Contents/Resources/app.asar/node_modules/@babel/parser/lib/index.js:757:17)
    at Parser.raiseWithData (/Applications/CocosCreator/Creator/2.4.3/CocosCreator.app/Contents/Resources/app.asar/node_modules/@babel/parser/lib/index.js:750:17)
    at Parser.raise (/Applications/CocosCreator/Creator/2.4.3/CocosCreator.app/Contents/Resources/app.asar/node_modules/@babel/parser/lib/index.js:744:17)
    at Parser.unexpected (/Applications/CocosCreator/Creator/2.4.3/CocosCreator.app/Contents/Resources/app.asar/node_modules/@babel/parser/lib/index.js:8834:16)
    at Parser.semicolon (/Applications/CocosCreator/Creator/2.4.3/CocosCreator.app/Contents/Resources/app.asar/node_modules/@babel/parser/lib/index.js:8816:40)
    at Parser.parseExpressionStatement (/Applications/CocosCreator/Creator/2.4.3/CocosCreator.app/Contents/Resources/app.asar/node_modules/@babel/parser/lib/index.js:11743:10)
    at Parser.parseStatementContent (/Applications/CocosCreator/Creator/2.4.3/CocosCreator.app/Contents/Resources/app.asar/node_modules/@babel/parser/lib/index.js:11344:19)
    at Parser.parseStatement (/Applications/CocosCreator/Creator/2.4.3/CocosCreator.app/Contents/Resources/app.asar/node_modules/@babel/parser/lib/index.js:11210:17)
    at Parser.parseBlockOrModuleBlockBody (/Applications/CocosCreator/Creator/2.4.3/CocosCreator.app/Contents/Resources/app.asar/node_modules/@babel/parser/lib/index.js:11785:25)
    at Parser.parseBlockBody (/Applications/CocosCreator/Creator/2.4.3/CocosCreator.app/Contents/Resources/app.asar/node_modules/@babel/parser/lib/index.js:11771:10)
2023-06-22T05:59:02.237Z - failed: [db-task][sync-changes] Failed to import asset /Users/shenfangqi/cocosPrj/war4_project.2.4.3_bak/assets/scripts/SelLayout.js, message: Compile error: SyntaxError: /Users/shenfangqi/cocosPrj/war4_project.2.4.3_bak/assets/scripts/SelLayout.js: Unexpected token, expected ";" (103:22)

  101 | 
  102 |         }, (err) => {   //if no connection then use default data for test.
> 103 |             data = "{"name":null,"level":1,"myscore":1000,"nextscore":1500,"basescore":20,"allList":["log","bomb","ske","ir","hr","bee","gi","lm","lr","wiz"],"myList":["log","hr","bee","ske","wiz"],"log":{"disp":"\u6eda\u6728","level":1,"cost":3},"bomb":{"disp":"\u98de\u5f39","level":1,"cost":4},"ske":{"disp":"\u9ab7\u9ac5","level":1,"cost":1},"ir":{"disp":"\u94a2\u6218\u58eb","level":1,"cost":3},"hr":{"disp":"\u6218\u795e","level":1,"cost":4},"bee":{"disp":"\u6bd2\u8702","level":1,"cost":1},"gi":{"disp":"\u77f3\u5934\u4eba","level":1,"cost":4},"lm":{"disp":"\u96f7\u795e","level":1,"cost":3},"lr":{"disp":"\u7bad\u624b","level":1,"cost":2},"wiz":{"disp":"\u5deb\u5e08","level":1,"cost":5}}";
      |                       ^
  104 |             dataobj = JSON.parse(data);
  105 |             _self.agentsDef = dataobj;
  106 |             node.setData(dataobj);
    at Parser._raise (/Applications/CocosCreator/Creator/2.4.3/CocosCreator.app/Contents/Resources/app.asar/node_modules/@babel/parser/lib/index.js:757:17)
    at Parser.raiseWithData (/Applications/CocosCreator/Creator/2.4.3/CocosCreator.app/Contents/Resources/app.asar/node_modules/@babel/parser/lib/index.js:750:17)
    at Parser.raise (/Applications/CocosCreator/Creator/2.4.3/CocosCreator.app/Contents/Resources/app.asar/node_modules/@babel/parser/lib/index.js:744:17)
    at Parser.unexpected (/Applications/CocosCreator/Creator/2.4.3/CocosCreator.app/Contents/Resources/app.asar/node_modules/@babel/parser/lib/index.js:8834:16)
    at Parser.semicolon (/Applications/CocosCreator/Creator/2.4.3/CocosCreator.app/Contents/Resources/app.asar/node_modules/@babel/parser/lib/index.js:8816:40)
    at Parser.parseExpressionStatement (/Applications/CocosCreator/Creator/2.4.3/CocosCreator.app/Contents/Resources/app.asar/node_modules/@babel/parser/lib/index.js:11743:10)
    at Parser.parseStatementContent (/Applications/CocosCreator/Creator/2.4.3/CocosCreator.app/Contents/Resources/app.asar/node_modules/@babel/parser/lib/index.js:11344:19)
    at Parser.parseStatement (/Applications/CocosCreator/Creator/2.4.3/CocosCreator.app/Contents/Resources/app.asar/node_modules/@babel/parser/lib/index.js:11210:17)
    at Parser.parseBlockOrModuleBlockBody (/Applications/CocosCreator/Creator/2.4.3/CocosCreator.app/Contents/Resources/app.asar/node_modules/@babel/parser/lib/index.js:11785:25)
    at Parser.parseBlockBody (/Applications/CocosCreator/Creator/2.4.3/CocosCreator.app/Contents/Resources/app.asar/node_modules/@babel/parser/lib/index.js:11771:10)
2023-06-22T07:03:15.259Z - warn: `cc.Node.skewX/Y` is deprecated since v2.2.1, please use 3D node instead. Node: Canvas/layout/Result/goldStar/goldTxt.
2023-06-22T07:03:27.018Z - warn: `cc.Node.skewX/Y` is deprecated since v2.2.1, please use 3D node instead. Node: Canvas/SelScrollView/view/content/SelLayout/wobanner/username.
2023-06-22T07:09:27.358Z - warn: `cc.Node.skewX/Y` is deprecated since v2.2.1, please use 3D node instead. Node: Canvas/layout/Result/goldStar/goldTxt.
2023-06-22T07:21:09.969Z - warn: `cc.Node.skewX/Y` is deprecated since v2.2.1, please use 3D node instead. Node: Canvas/SelScrollView/view/content/SelLayout/wobanner/username.
2023-06-22T07:22:12.944Z - warn: `cc.Node.skewX/Y` is deprecated since v2.2.1, please use 3D node instead. Node: Canvas/SelScrollView/view/content/SelLayout/wobanner/username.
2023-06-22T07:25:43.674Z - warn: `cc.Node.skewX/Y` is deprecated since v2.2.1, please use 3D node instead. Node: Canvas/layout/Result/goldStar/goldTxt.
2023-06-22T07:39:46.489Z - warn: `cc.Node.skewX/Y` is deprecated since v2.2.1, please use 3D node instead. Node: Canvas/layout/Result/goldStar/goldTxt.
2023-06-22T07:42:27.803Z - warn: `cc.Node.skewX/Y` is deprecated since v2.2.1, please use 3D node instead. Node: Canvas/layout/Result/goldStar/goldTxt.
2023-06-22T07:54:00.365Z - warn: `cc.Node.skewX/Y` is deprecated since v2.2.1, please use 3D node instead. Node: Canvas/layout/Result/goldStar/goldTxt.
2023-06-26T05:25:52.146Z - normal: Start building with options : {
  "actualPlatform": "web-mobile",
  "android": {
    "REMOTE_SERVER_ROOT": "",
    "packageName": "org.cocos2d.demo"
  },
  "android-instant": {
    "REMOTE_SERVER_ROOT": "http://192.168.1.10:7456/preview-android-instant/",
    "host": "",
    "packageName": "org.cocos2d.demo",
    "pathPattern": "",
    "recordPath": "",
    "scheme": "https",
    "skipRecord": true
  },
  "apiLevel": "android-29",
  "appABIs": [],
  "appBundle": false,
  "appKey": "",
  "appSecret": "",
  "buildPath": "/Users/shenfangqi/cocosPrj/war4_project.2.4.3_bak/build",
  "buildScriptsOnly": false,
  "debug": false,
  "dest": "/Users/shenfangqi/cocosPrj/war4_project.2.4.3_bak/build/web-mobile",
  "embedWebDebugger": false,
  "encryptJs": true,
  "excludeScenes": [],
  "excludedModules": [
    "AudioSource",
    "Collider",
    "DragonBones",
    "EditBox",
    "Geom Utils",
    "Intersection",
    "Physics",
    "PageView",
    "PageViewIndicator",
    "Slider",
    "Spine Skeleton",
    "StudioComponent",
    "TiledMap",
    "VideoPlayer",
    "WebView",
    "3D",
    "3D Primitive",
    "3D Physics/cannon.js",
    "3D Physics/Builtin",
    "3D Particle",
    "SafeArea"
  ],
  "fb-instant-games": {},
  "includeAnySDK": false,
  "includeSDKBox": false,
  "inlineSpriteFrames": true,
  "inlineSpriteFrames_native": true,
  "ios": {
    "REMOTE_SERVER_ROOT": "",
    "packageName": "org.cocos2d.demo"
  },
  "jailbreakPlatform": false,
  "mac": {
    "REMOTE_SERVER_ROOT": "",
    "height": 720,
    "packageName": "org.cocos2d.demo",
    "width": 1280
  },
  "mainCompressionType": "default",
  "mainIsRemote": false,
  "md5Cache": true,
  "mergeStartScene": false,
  "oauthLoginServer": "",
  "optimizeHotUpdate": false,
  "orientation": {
    "landscapeLeft": false,
    "landscapeRight": false,
    "portrait": true,
    "upsideDown": false
  },
  "packageName": "org.cocos2d.war1_project",
  "platform": "web-mobile",
  "previewHeight": "720",
  "previewWidth": "1280",
  "privateKey": "",
  "qqplay": {
    "REMOTE_SERVER_ROOT": "",
    "orientation": "portrait"
  },
  "scenes": [
    "ded7cf53-b20c-42b5-88d2-e0990de76151",
    "80f399d6-28e5-40d2-9776-cec340a3bc1a",
    "280124c6-0177-468d-9cab-008a61dafba1"
  ],
  "separateEngineMode": false,
  "sourceMaps": false,
  "startScene": "ded7cf53-b20c-42b5-88d2-e0990de76151",
  "template": "link",
  "title": "FFTower",
  "useDebugKeystore": true,
  "vsVersion": "auto",
  "webOrientation": "auto",
  "wechatgame": {
    "REMOTE_SERVER_ROOT": "https://www.asobee.mobi/fftower",
    "appid": "wxbe6c6fccd8f337a6",
    "isSubdomain": false,
    "orientation": "portrait",
    "subContext": ""
  },
  "win32": {
    "REMOTE_SERVER_ROOT": "",
    "height": 720,
    "width": 1280
  },
  "xxteaKey": "57720c3e-0fea-48",
  "zipCompressJs": true,
  "project": "/Users/shenfangqi/cocosPrj/war4_project.2.4.3_bak",
  "projectName": "FFTower",
  "debugBuildWorker": false
}
2023-06-26T05:25:52.152Z - normal: Building /Users/shenfangqi/cocosPrj/war4_project.2.4.3_bak
2023-06-26T05:25:52.152Z - normal: Destination /Users/shenfangqi/cocosPrj/war4_project.2.4.3_bak/build/web-mobile
2023-06-26T05:25:52.301Z - normal: Delete /Users/shenfangqi/cocosPrj/war4_project.2.4.3_bak/build/web-mobile/**/*
2023-06-26T05:25:56.927Z - normal: Start building assets
2023-06-26T05:25:56.927Z - normal: Start spawn build-worker
2023-06-26T05:25:57.315Z - normal: Finish spawn build-worker
2023-06-26T05:25:57.316Z - normal: Start init build-worker
2023-06-26T05:25:59.915Z - normal: Finish init build-worker
2023-06-26T05:25:59.915Z - normal: Start build-assets in worker
2023-06-26T05:26:02.291Z - warn: AutoAtlas "/Users/shenfangqi/cocosPrj/war4_project.2.4.3_bak/assets/resources/agents/gun/AutoAtlas.pac" is located in "db://assets/resources" directory, so its "Filter Unused Resources" parameter will be ignored.
2023-06-26T05:26:05.017Z - warn: 原图 db://assets/textures/gameRes/wizfire.png 已经被打包到自动图集 assets/textures/gameRes/AutoAtlas.pac，但由于这张原图同时被 db://assets/WizMotion.prefab 直接使用，因此原图仍然会保留一份。
2023-06-26T05:26:05.018Z - warn: db://assets/textures/gameRes/bg/title1.png has not been packed into AutoAtlas.
2023-06-26T05:26:05.144Z - normal: Finish build-assets in worker
2023-06-26T05:26:05.158Z - normal: Finish building assets
2023-06-26T05:26:05.292Z - normal: Start building plugin scripts
2023-06-26T05:26:06.725Z - normal: Finish building plugin scripts
2023-06-26T05:26:06.752Z - normal: Generating main.js from /Applications/CocosCreator/Creator/2.4.3/CocosCreator.app/Contents/Resources/static/build-templates/shares/main.js
2023-06-26T05:26:06.768Z - normal: Generating html from /Applications/CocosCreator/Creator/2.4.3/CocosCreator.app/Contents/Resources/static/build-templates/web-mobile/template/index.html
2023-06-26T05:26:07.032Z - normal: Built to "/Users/shenfangqi/cocosPrj/war4_project.2.4.3_bak/build/web-mobile" successfully
2023-06-28T02:18:44.643Z - info: shutdown preview server
